2024-01-17T08:16:39.896Z INFO @wdio/local-runner: Run worker command: run
2024-01-17T08:16:40.187Z INFO webdriver: Initiate new session using the WebDriver protocol
2024-01-17T08:16:40.317Z INFO edgedriver: Starting EdgeDriver at C:\Users\User2\AppData\Local\Temp\msedgedriver.exe with params: --port=9842 --allowed-ips=0.0.0.0 --allowed-origins=*
2024-01-17T08:16:41.342Z INFO @wdio/utils: Started EdgeDriver in 1031ms on port 9842
2024-01-17T08:16:41.420Z INFO webdriver: [POST] http://0.0.0.0:9842/session
2024-01-17T08:16:41.420Z INFO webdriver: DATA {
  capabilities: { alwaysMatch: { browserName: 'MicrosoftEdge' }, firstMatch: [ {} ] },
  desiredCapabilities: { browserName: 'MicrosoftEdge' }
}
2024-01-17T08:16:41.882Z INFO webdriver: COMMAND navigateTo("https://dev-amberg.seliselocal.com/")
2024-01-17T08:16:41.882Z INFO webdriver: [POST] http://0.0.0.0:9842/session/359f42c05338c45bdbaba014888b533c/url
2024-01-17T08:16:41.882Z INFO webdriver: DATA { url: 'https://dev-amberg.seliselocal.com/' }
2024-01-17T08:16:41.904Z INFO webdriver: COMMAND findElement("xpath", ".//button[normalize-space(text()) = "New Project"] | .//button[not(.//button[normalize-space(text()) = "New Project"]) and normalize-space() = "New Project"]")
2024-01-17T08:16:41.904Z INFO webdriver: [POST] http://0.0.0.0:9842/session/359f42c05338c45bdbaba014888b533c/element
2024-01-17T08:16:41.904Z INFO webdriver: DATA {
  using: 'xpath',
  value: './/button[normalize-space(text()) = "New Project"] | .//button[not(.//button[normalize-space(text()) = "New Project"]) and normalize-space() = "New Project"]'
}
2024-01-17T08:16:48.354Z INFO webdriver: RESULT null
2024-01-17T08:16:48.355Z INFO webdriver: COMMAND getAlertText()
2024-01-17T08:16:48.355Z INFO webdriver: COMMAND maximizeWindow()
2024-01-17T08:16:48.355Z INFO webdriver: [GET] http://0.0.0.0:9842/session/359f42c05338c45bdbaba014888b533c/alert/text
2024-01-17T08:16:48.356Z INFO webdriver: [POST] http://0.0.0.0:9842/session/359f42c05338c45bdbaba014888b533c/window/maximize
2024-01-17T08:16:48.363Z INFO webdriver: RESULT {
  error: 'no such element',
  message: 'no such element: Unable to locate element: {"method":"xpath","selector":".//button[normalize-space(text()) = "New Project"] | .//button[not(.//button[normalize-space(text()) = "New Project"]) and normalize-space() = "New Project"]"}\n' +
    '  (Session info: MicrosoftEdge=120.0.2210.133)',
  stacktrace: '\tGetHandleVerifier [0x00007FF637130332+58194]\n' +
    '\tMicrosoft::Applications::Events::ILogConfiguration::operator* [0x00007FF6370BEC92+216482]\n' +
    '\t(No symbol) [0x00007FF636ED9E1B]\n' +
    '\t(No symbol) [0x00007FF636F29C6F]\n' +
    '\t(No symbol) [0x00007FF636F29DA5]\n' +
    '\t(No symbol) [0x00007FF636F6BB27]\n' +
    '\t(No symbol) [0x00007FF636F4C11F]\n' +
    '\t(No symbol) [0x00007FF636F1D3E1]\n' +
    '\t(No symbol) [0x00007FF636F68A7E]\n' +
    '\t(No symbol) [0x00007FF636F4BD43]\n' +
    '\t(No symbol) [0x00007FF636F1C162]\n' +
    '\t(No symbol) [0x00007FF636F1B5BD]\n' +
    '\t(No symbol) [0x00007FF636F1C994]\n' +
    '\tMicrosoft::Applications::Events::EventProperty::to_string [0x00007FF6372E6CDA+1051354]\n' +
    '\t(No symbol) [0x00007FF636F9F596]\n' +
    '\tMicrosoft::Applications::Events::EventProperty::clear [0x00007FF637036215+34245]\n' +
    '\tMicrosoft::Applications::Events::EventProperty::clear [0x00007FF63702E6BD+2669]\n' +
    '\tMicrosoft::Applications::Events::EventProperty::to_string [0x00007FF6372E59D3+1046483]\n' +
    '\tMicrosoft::Applications::Events::ILogConfiguration::operator* [0x00007FF6370C8978+256648]\n' +
    '\tMicrosoft::Applications::Events::ILogConfiguration::operator* [0x00007FF6370C4104+238100]\n' +
    '\tMicrosoft::Applications::Events::ILogConfiguration::operator* [0x00007FF6370C4232+238402]\n' +
    '\tMicrosoft::Applications::Events::ILogConfiguration::operator* [0x00007FF6370B8FD1+192737]\n' +
    '\tBaseThreadInitThunk [0x00007FF852B97344+20]\n' +
    '\tRtlUserThreadStart [0x00007FF8541826B1+33]\n'
}
2024-01-17T08:16:48.372Z INFO webdriver: COMMAND findElements("xpath", ".//button[normalize-space(text()) = "New Project"] | .//button[not(.//button[normalize-space(text()) = "New Project"]) and normalize-space() = "New Project"]")
2024-01-17T08:16:48.372Z INFO webdriver: [POST] http://0.0.0.0:9842/session/359f42c05338c45bdbaba014888b533c/elements
2024-01-17T08:16:48.372Z INFO webdriver: DATA {
  using: 'xpath',
  value: './/button[normalize-space(text()) = "New Project"] | .//button[not(.//button[normalize-space(text()) = "New Project"]) and normalize-space() = "New Project"]'
}
2024-01-17T08:16:48.374Z WARN webdriver: Request failed with status 404 due to no such alert
  (Session info: MicrosoftEdge=120.0.2210.133)
2024-01-17T08:16:48.374Z INFO webdriver: Retrying 1/3
2024-01-17T08:16:48.374Z INFO webdriver: [GET] http://0.0.0.0:9842/session/359f42c05338c45bdbaba014888b533c/alert/text
2024-01-17T08:16:48.488Z INFO webdriver: RESULT { height: 1056, width: 1936, x: -8, y: -8 }
2024-01-17T08:16:48.489Z INFO webdriver: COMMAND getAlertText()
2024-01-17T08:16:48.489Z INFO webdriver: COMMAND findElement("xpath", "//*[@id="userId"]")
2024-01-17T08:16:48.490Z INFO webdriver: [GET] http://0.0.0.0:9842/session/359f42c05338c45bdbaba014888b533c/alert/text
2024-01-17T08:16:48.490Z INFO webdriver: [POST] http://0.0.0.0:9842/session/359f42c05338c45bdbaba014888b533c/element
2024-01-17T08:16:48.490Z INFO webdriver: DATA { using: 'xpath', value: '//*[@id="userId"]' }
2024-01-17T08:16:48.494Z INFO webdriver: RESULT []
2024-01-17T08:16:48.498Z WARN webdriver: Request failed with status 404 due to no such alert
  (Session info: MicrosoftEdge=120.0.2210.133)
2024-01-17T08:16:48.498Z INFO webdriver: Retrying 2/3
2024-01-17T08:16:48.498Z INFO webdriver: [GET] http://0.0.0.0:9842/session/359f42c05338c45bdbaba014888b533c/alert/text
2024-01-17T08:16:48.499Z WARN webdriver: Request failed with status 404 due to no such alert
  (Session info: MicrosoftEdge=120.0.2210.133)
2024-01-17T08:16:48.499Z INFO webdriver: Retrying 1/3
2024-01-17T08:16:48.499Z INFO webdriver: [GET] http://0.0.0.0:9842/session/359f42c05338c45bdbaba014888b533c/alert/text
2024-01-17T08:16:48.502Z INFO webdriver: RESULT {
  'element-6066-11e4-a52e-4f735466cecf': 'BF85FCD02C64D70EC36675452D9A9B64_element_8'
}
2024-01-17T08:16:48.505Z INFO webdriver: COMMAND elementClear("BF85FCD02C64D70EC36675452D9A9B64_element_8")
2024-01-17T08:16:48.505Z INFO webdriver: [POST] http://0.0.0.0:9842/session/359f42c05338c45bdbaba014888b533c/element/BF85FCD02C64D70EC36675452D9A9B64_element_8/clear
2024-01-17T08:16:48.507Z WARN webdriver: Request failed with status 404 due to no such alert
  (Session info: MicrosoftEdge=120.0.2210.133)
2024-01-17T08:16:48.507Z INFO webdriver: Retrying 3/3
2024-01-17T08:16:48.507Z INFO webdriver: [GET] http://0.0.0.0:9842/session/359f42c05338c45bdbaba014888b533c/alert/text
2024-01-17T08:16:48.508Z WARN webdriver: Request failed with status 404 due to no such alert
  (Session info: MicrosoftEdge=120.0.2210.133)
2024-01-17T08:16:48.508Z INFO webdriver: Retrying 2/3
2024-01-17T08:16:48.508Z INFO webdriver: [GET] http://0.0.0.0:9842/session/359f42c05338c45bdbaba014888b533c/alert/text
2024-01-17T08:16:48.527Z INFO webdriver: RESULT null
2024-01-17T08:16:48.528Z INFO webdriver: COMMAND getAlertText()
2024-01-17T08:16:48.528Z INFO webdriver: [GET] http://0.0.0.0:9842/session/359f42c05338c45bdbaba014888b533c/alert/text
2024-01-17T08:16:48.529Z INFO webdriver: COMMAND elementSendKeys("BF85FCD02C64D70EC36675452D9A9B64_element_8", "inspector")
2024-01-17T08:16:48.529Z INFO webdriver: [POST] http://0.0.0.0:9842/session/359f42c05338c45bdbaba014888b533c/element/BF85FCD02C64D70EC36675452D9A9B64_element_8/value
2024-01-17T08:16:48.529Z INFO webdriver: DATA { text: 'inspector' }
2024-01-17T08:16:48.531Z ERROR webdriver: Request failed with status 404 due to no such alert: no such alert
  (Session info: MicrosoftEdge=120.0.2210.133)
2024-01-17T08:16:48.532Z WARN webdriver: Request failed with status 404 due to no such alert
  (Session info: MicrosoftEdge=120.0.2210.133)
2024-01-17T08:16:48.532Z INFO webdriver: Retrying 3/3
2024-01-17T08:16:48.532Z INFO webdriver: [GET] http://0.0.0.0:9842/session/359f42c05338c45bdbaba014888b533c/alert/text
2024-01-17T08:16:48.534Z WARN webdriver: Request failed with status 404 due to no such alert
  (Session info: MicrosoftEdge=120.0.2210.133)
2024-01-17T08:16:48.534Z INFO webdriver: Retrying 1/3
2024-01-17T08:16:48.534Z INFO webdriver: [GET] http://0.0.0.0:9842/session/359f42c05338c45bdbaba014888b533c/alert/text
2024-01-17T08:16:48.534Z INFO webdriver: COMMAND takeScreenshot()
2024-01-17T08:16:48.534Z INFO webdriver: [GET] http://0.0.0.0:9842/session/359f42c05338c45bdbaba014888b533c/screenshot
2024-01-17T08:16:48.556Z INFO webdriver: RESULT null
2024-01-17T08:16:48.557Z INFO webdriver: COMMAND getAlertText()
2024-01-17T08:16:48.557Z INFO webdriver: [GET] http://0.0.0.0:9842/session/359f42c05338c45bdbaba014888b533c/alert/text
2024-01-17T08:16:48.558Z INFO webdriver: COMMAND findElement("xpath", "//*[@id="password"]")
2024-01-17T08:16:48.558Z INFO webdriver: [POST] http://0.0.0.0:9842/session/359f42c05338c45bdbaba014888b533c/element
2024-01-17T08:16:48.558Z INFO webdriver: DATA { using: 'xpath', value: '//*[@id="password"]' }
2024-01-17T08:16:48.560Z ERROR webdriver: Request failed with status 404 due to no such alert: no such alert
  (Session info: MicrosoftEdge=120.0.2210.133)
2024-01-17T08:16:48.560Z WARN webdriver: Request failed with status 404 due to no such alert
  (Session info: MicrosoftEdge=120.0.2210.133)
2024-01-17T08:16:48.560Z INFO webdriver: Retrying 2/3
2024-01-17T08:16:48.560Z INFO webdriver: [GET] http://0.0.0.0:9842/session/359f42c05338c45bdbaba014888b533c/alert/text
2024-01-17T08:16:48.561Z INFO webdriver: COMMAND takeScreenshot()
2024-01-17T08:16:48.561Z INFO webdriver: [GET] http://0.0.0.0:9842/session/359f42c05338c45bdbaba014888b533c/screenshot
2024-01-17T08:16:48.871Z INFO webdriver: COMMAND findElements("xpath", ".//button[normalize-space(text()) = "New Project"] | .//button[not(.//button[normalize-space(text()) = "New Project"]) and normalize-space() = "New Project"]")
2024-01-17T08:16:48.871Z INFO webdriver: [POST] http://0.0.0.0:9842/session/359f42c05338c45bdbaba014888b533c/elements
2024-01-17T08:16:48.871Z INFO webdriver: DATA {
  using: 'xpath',
  value: './/button[normalize-space(text()) = "New Project"] | .//button[not(.//button[normalize-space(text()) = "New Project"]) and normalize-space() = "New Project"]'
}
2024-01-17T08:16:49.050Z INFO webdriver: RESULT iVBORw0KGgoAAAANSUhEUgAAB1AAAAOXCAYAAACaL9O/AAAAAXNSR0IArs4c6...
2024-01-17T08:16:49.072Z WARN webdriver: Request failed with status 404 due to no such alert
  (Session info: MicrosoftEdge=120.0.2210.133)
2024-01-17T08:16:49.072Z INFO webdriver: Retrying 1/3
2024-01-17T08:16:49.072Z INFO webdriver: [GET] http://0.0.0.0:9842/session/359f42c05338c45bdbaba014888b533c/alert/text
2024-01-17T08:16:49.073Z WARN webdriver: Request failed with status 404 due to no such alert
  (Session info: MicrosoftEdge=120.0.2210.133)
2024-01-17T08:16:49.073Z INFO webdriver: Retrying 3/3
2024-01-17T08:16:49.073Z INFO webdriver: [GET] http://0.0.0.0:9842/session/359f42c05338c45bdbaba014888b533c/alert/text
2024-01-17T08:16:49.491Z INFO webdriver: RESULT iVBORw0KGgoAAAANSUhEUgAAB1AAAAOXCAYAAACaL9O/AAAAAXNSR0IArs4c6...
2024-01-17T08:16:49.511Z INFO webdriver: RESULT {
  'element-6066-11e4-a52e-4f735466cecf': 'BF85FCD02C64D70EC36675452D9A9B64_element_40'
}
2024-01-17T08:16:49.515Z INFO webdriver: COMMAND elementClear("BF85FCD02C64D70EC36675452D9A9B64_element_40")
2024-01-17T08:16:49.515Z INFO webdriver: [POST] http://0.0.0.0:9842/session/359f42c05338c45bdbaba014888b533c/element/BF85FCD02C64D70EC36675452D9A9B64_element_40/clear
2024-01-17T08:16:49.516Z INFO webdriver: RESULT []
2024-01-17T08:16:49.519Z WARN webdriver: Request failed with status 404 due to no such alert
  (Session info: MicrosoftEdge=120.0.2210.133)
2024-01-17T08:16:49.519Z INFO webdriver: Retrying 2/3
2024-01-17T08:16:49.519Z INFO webdriver: [GET] http://0.0.0.0:9842/session/359f42c05338c45bdbaba014888b533c/alert/text
2024-01-17T08:16:49.521Z ERROR webdriver: Request failed with status 404 due to no such alert: no such alert
  (Session info: MicrosoftEdge=120.0.2210.133)
2024-01-17T08:16:49.526Z INFO webdriver: COMMAND takeScreenshot()
2024-01-17T08:16:49.526Z INFO webdriver: [GET] http://0.0.0.0:9842/session/359f42c05338c45bdbaba014888b533c/screenshot
2024-01-17T08:16:49.528Z INFO webdriver: COMMAND findElements("xpath", ".//button[normalize-space(text()) = "New Project"] | .//button[not(.//button[normalize-space(text()) = "New Project"]) and normalize-space() = "New Project"]")
2024-01-17T08:16:49.528Z INFO webdriver: [POST] http://0.0.0.0:9842/session/359f42c05338c45bdbaba014888b533c/elements
2024-01-17T08:16:49.528Z INFO webdriver: DATA {
  using: 'xpath',
  value: './/button[normalize-space(text()) = "New Project"] | .//button[not(.//button[normalize-space(text()) = "New Project"]) and normalize-space() = "New Project"]'
}
2024-01-17T08:16:49.532Z INFO webdriver: RESULT null
2024-01-17T08:16:49.532Z INFO webdriver: COMMAND getAlertText()
2024-01-17T08:16:49.533Z INFO webdriver: [GET] http://0.0.0.0:9842/session/359f42c05338c45bdbaba014888b533c/alert/text
2024-01-17T08:16:49.533Z INFO webdriver: COMMAND elementSendKeys("BF85FCD02C64D70EC36675452D9A9B64_element_40", "RMS!Go22")
2024-01-17T08:16:49.534Z INFO webdriver: [POST] http://0.0.0.0:9842/session/359f42c05338c45bdbaba014888b533c/element/BF85FCD02C64D70EC36675452D9A9B64_element_40/value
2024-01-17T08:16:49.534Z INFO webdriver: DATA { text: 'RMS!Go22' }
2024-01-17T08:16:49.535Z WARN webdriver: Request failed with status 404 due to no such alert
  (Session info: MicrosoftEdge=120.0.2210.133)
2024-01-17T08:16:49.535Z INFO webdriver: Retrying 3/3
2024-01-17T08:16:49.535Z INFO webdriver: [GET] http://0.0.0.0:9842/session/359f42c05338c45bdbaba014888b533c/alert/text
2024-01-17T08:16:50.061Z INFO webdriver: RESULT iVBORw0KGgoAAAANSUhEUgAAB1AAAAOXCAYAAACaL9O/AAAAAXNSR0IArs4c6...
2024-01-17T08:16:50.096Z INFO webdriver: RESULT []
2024-01-17T08:16:50.100Z WARN webdriver: Request failed with status 404 due to no such alert
  (Session info: MicrosoftEdge=120.0.2210.133)
2024-01-17T08:16:50.100Z INFO webdriver: Retrying 1/3
2024-01-17T08:16:50.101Z INFO webdriver: [GET] http://0.0.0.0:9842/session/359f42c05338c45bdbaba014888b533c/alert/text
2024-01-17T08:16:50.102Z INFO webdriver: RESULT null
2024-01-17T08:16:50.103Z INFO webdriver: COMMAND getAlertText()
2024-01-17T08:16:50.103Z INFO webdriver: [GET] http://0.0.0.0:9842/session/359f42c05338c45bdbaba014888b533c/alert/text
2024-01-17T08:16:50.105Z INFO webdriver: COMMAND findElement("css selector", "button[type='submit']")
2024-01-17T08:16:50.105Z INFO webdriver: [POST] http://0.0.0.0:9842/session/359f42c05338c45bdbaba014888b533c/element
2024-01-17T08:16:50.105Z INFO webdriver: DATA { using: 'css selector', value: "button[type='submit']" }
2024-01-17T08:16:50.107Z ERROR webdriver: Request failed with status 404 due to no such alert: no such alert
  (Session info: MicrosoftEdge=120.0.2210.133)
2024-01-17T08:16:50.108Z INFO webdriver: COMMAND takeScreenshot()
2024-01-17T08:16:50.108Z INFO webdriver: [GET] http://0.0.0.0:9842/session/359f42c05338c45bdbaba014888b533c/screenshot
2024-01-17T08:16:50.109Z INFO webdriver: COMMAND findElements("xpath", ".//button[normalize-space(text()) = "New Project"] | .//button[not(.//button[normalize-space(text()) = "New Project"]) and normalize-space() = "New Project"]")
2024-01-17T08:16:50.110Z INFO webdriver: [POST] http://0.0.0.0:9842/session/359f42c05338c45bdbaba014888b533c/elements
2024-01-17T08:16:50.110Z INFO webdriver: DATA {
  using: 'xpath',
  value: './/button[normalize-space(text()) = "New Project"] | .//button[not(.//button[normalize-space(text()) = "New Project"]) and normalize-space() = "New Project"]'
}
2024-01-17T08:16:50.112Z WARN webdriver: Request failed with status 404 due to no such alert
  (Session info: MicrosoftEdge=120.0.2210.133)
2024-01-17T08:16:50.112Z INFO webdriver: Retrying 2/3
2024-01-17T08:16:50.112Z INFO webdriver: [GET] http://0.0.0.0:9842/session/359f42c05338c45bdbaba014888b533c/alert/text
2024-01-17T08:16:50.113Z WARN webdriver: Request failed with status 404 due to no such alert
  (Session info: MicrosoftEdge=120.0.2210.133)
2024-01-17T08:16:50.114Z INFO webdriver: Retrying 1/3
2024-01-17T08:16:50.114Z INFO webdriver: [GET] http://0.0.0.0:9842/session/359f42c05338c45bdbaba014888b533c/alert/text
2024-01-17T08:16:50.120Z INFO webdriver: RESULT {
  'element-6066-11e4-a52e-4f735466cecf': 'BF85FCD02C64D70EC36675452D9A9B64_element_36'
}
2024-01-17T08:16:50.125Z INFO webdriver: COMMAND elementClick("BF85FCD02C64D70EC36675452D9A9B64_element_36")
2024-01-17T08:16:50.125Z INFO webdriver: [POST] http://0.0.0.0:9842/session/359f42c05338c45bdbaba014888b533c/element/BF85FCD02C64D70EC36675452D9A9B64_element_36/click
2024-01-17T08:16:50.639Z INFO webdriver: RESULT iVBORw0KGgoAAAANSUhEUgAAB1AAAAOXCAYAAACaL9O/AAAAAXNSR0IArs4c6...
2024-01-17T08:16:50.658Z INFO webdriver: RESULT []
2024-01-17T08:16:50.661Z WARN webdriver: Request failed with status 404 due to no such alert
  (Session info: MicrosoftEdge=120.0.2210.133)
2024-01-17T08:16:50.661Z INFO webdriver: Retrying 3/3
2024-01-17T08:16:50.661Z INFO webdriver: [GET] http://0.0.0.0:9842/session/359f42c05338c45bdbaba014888b533c/alert/text
2024-01-17T08:16:50.662Z WARN webdriver: Request failed with status 404 due to no such alert
  (Session info: MicrosoftEdge=120.0.2210.133)
2024-01-17T08:16:50.662Z INFO webdriver: Retrying 2/3
2024-01-17T08:16:50.662Z INFO webdriver: [GET] http://0.0.0.0:9842/session/359f42c05338c45bdbaba014888b533c/alert/text
2024-01-17T08:16:50.663Z INFO webdriver: RESULT null
2024-01-17T08:16:50.663Z INFO webdriver: COMMAND getAlertText()
2024-01-17T08:16:50.664Z INFO webdriver: [GET] http://0.0.0.0:9842/session/359f42c05338c45bdbaba014888b533c/alert/text
2024-01-17T08:16:50.665Z INFO webdriver: COMMAND findElements("xpath", ".//button[normalize-space(text()) = "New Project"] | .//button[not(.//button[normalize-space(text()) = "New Project"]) and normalize-space() = "New Project"]")
2024-01-17T08:16:50.666Z INFO webdriver: [POST] http://0.0.0.0:9842/session/359f42c05338c45bdbaba014888b533c/elements
2024-01-17T08:16:50.666Z INFO webdriver: DATA {
  using: 'xpath',
  value: './/button[normalize-space(text()) = "New Project"] | .//button[not(.//button[normalize-space(text()) = "New Project"]) and normalize-space() = "New Project"]'
}
2024-01-17T08:16:50.667Z ERROR webdriver: Request failed with status 404 due to no such alert: no such alert
  (Session info: MicrosoftEdge=120.0.2210.133)
2024-01-17T08:16:50.668Z WARN webdriver: Request failed with status 404 due to no such alert
  (Session info: MicrosoftEdge=120.0.2210.133)
2024-01-17T08:16:50.668Z INFO webdriver: Retrying 3/3
2024-01-17T08:16:50.668Z INFO webdriver: [GET] http://0.0.0.0:9842/session/359f42c05338c45bdbaba014888b533c/alert/text
2024-01-17T08:16:50.672Z INFO webdriver: COMMAND takeScreenshot()
2024-01-17T08:16:50.673Z INFO webdriver: [GET] http://0.0.0.0:9842/session/359f42c05338c45bdbaba014888b533c/screenshot
2024-01-17T08:16:50.674Z WARN webdriver: Request failed with status 404 due to no such alert
  (Session info: MicrosoftEdge=120.0.2210.133)
2024-01-17T08:16:50.674Z INFO webdriver: Retrying 1/3
2024-01-17T08:16:50.674Z INFO webdriver: [GET] http://0.0.0.0:9842/session/359f42c05338c45bdbaba014888b533c/alert/text
2024-01-17T08:16:50.676Z INFO webdriver: RESULT []
2024-01-17T08:16:50.679Z ERROR webdriver: Request failed with status 404 due to no such alert: no such alert
  (Session info: MicrosoftEdge=120.0.2210.133)
2024-01-17T08:16:50.679Z INFO webdriver: COMMAND takeScreenshot()
2024-01-17T08:16:50.679Z INFO webdriver: [GET] http://0.0.0.0:9842/session/359f42c05338c45bdbaba014888b533c/screenshot
2024-01-17T08:16:50.878Z INFO webdriver: COMMAND findElements("xpath", ".//button[normalize-space(text()) = "New Project"] | .//button[not(.//button[normalize-space(text()) = "New Project"]) and normalize-space() = "New Project"]")
2024-01-17T08:16:50.878Z INFO webdriver: [POST] http://0.0.0.0:9842/session/359f42c05338c45bdbaba014888b533c/elements
2024-01-17T08:16:50.878Z INFO webdriver: DATA {
  using: 'xpath',
  value: './/button[normalize-space(text()) = "New Project"] | .//button[not(.//button[normalize-space(text()) = "New Project"]) and normalize-space() = "New Project"]'
}
2024-01-17T08:16:51.217Z INFO webdriver: RESULT iVBORw0KGgoAAAANSUhEUgAAB1AAAAOXCAYAAACaL9O/AAAAAXNSR0IArs4c6...
2024-01-17T08:16:51.236Z WARN webdriver: Request failed with status 404 due to no such alert
  (Session info: MicrosoftEdge=120.0.2210.133)
2024-01-17T08:16:51.236Z INFO webdriver: Retrying 2/3
2024-01-17T08:16:51.236Z INFO webdriver: [GET] http://0.0.0.0:9842/session/359f42c05338c45bdbaba014888b533c/alert/text
2024-01-17T08:16:51.297Z INFO webdriver: RESULT iVBORw0KGgoAAAANSUhEUgAAB1AAAAOXCAYAAACaL9O/AAAAAXNSR0IArs4c6...
2024-01-17T08:16:51.301Z INFO webdriver: RESULT []
2024-01-17T08:16:51.304Z WARN webdriver: Request failed with status 404 due to no such alert
  (Session info: MicrosoftEdge=120.0.2210.133)
2024-01-17T08:16:51.304Z INFO webdriver: Retrying 3/3
2024-01-17T08:16:51.304Z INFO webdriver: [GET] http://0.0.0.0:9842/session/359f42c05338c45bdbaba014888b533c/alert/text
2024-01-17T08:16:51.306Z ERROR webdriver: Request failed with status 404 due to no such alert: no such alert
  (Session info: MicrosoftEdge=120.0.2210.133)
2024-01-17T08:16:51.306Z INFO webdriver: COMMAND takeScreenshot()
2024-01-17T08:16:51.306Z INFO webdriver: [GET] http://0.0.0.0:9842/session/359f42c05338c45bdbaba014888b533c/screenshot
2024-01-17T08:16:51.377Z INFO webdriver: COMMAND findElements("xpath", ".//button[normalize-space(text()) = "New Project"] | .//button[not(.//button[normalize-space(text()) = "New Project"]) and normalize-space() = "New Project"]")
2024-01-17T08:16:51.377Z INFO webdriver: [POST] http://0.0.0.0:9842/session/359f42c05338c45bdbaba014888b533c/elements
2024-01-17T08:16:51.377Z INFO webdriver: DATA {
  using: 'xpath',
  value: './/button[normalize-space(text()) = "New Project"] | .//button[not(.//button[normalize-space(text()) = "New Project"]) and normalize-space() = "New Project"]'
}
2024-01-17T08:16:51.433Z INFO webdriver: RESULT iVBORw0KGgoAAAANSUhEUgAAB1AAAAOXCAYAAACaL9O/AAAAAXNSR0IArs4c6...
2024-01-17T08:16:51.438Z INFO webdriver: RESULT []
2024-01-17T08:16:51.875Z INFO webdriver: COMMAND findElements("xpath", ".//button[normalize-space(text()) = "New Project"] | .//button[not(.//button[normalize-space(text()) = "New Project"]) and normalize-space() = "New Project"]")
2024-01-17T08:16:51.875Z INFO webdriver: [POST] http://0.0.0.0:9842/session/359f42c05338c45bdbaba014888b533c/elements
2024-01-17T08:16:51.875Z INFO webdriver: DATA {
  using: 'xpath',
  value: './/button[normalize-space(text()) = "New Project"] | .//button[not(.//button[normalize-space(text()) = "New Project"]) and normalize-space() = "New Project"]'
}
2024-01-17T08:16:51.884Z INFO webdriver: RESULT []
2024-01-17T08:16:52.372Z INFO webdriver: COMMAND findElements("xpath", ".//button[normalize-space(text()) = "New Project"] | .//button[not(.//button[normalize-space(text()) = "New Project"]) and normalize-space() = "New Project"]")
2024-01-17T08:16:52.372Z INFO webdriver: [POST] http://0.0.0.0:9842/session/359f42c05338c45bdbaba014888b533c/elements
2024-01-17T08:16:52.372Z INFO webdriver: DATA {
  using: 'xpath',
  value: './/button[normalize-space(text()) = "New Project"] | .//button[not(.//button[normalize-space(text()) = "New Project"]) and normalize-space() = "New Project"]'
}
2024-01-17T08:16:52.426Z INFO webdriver: RESULT [
  {
    'element-6066-11e4-a52e-4f735466cecf': 'BF85FCD02C64D70EC36675452D9A9B64_element_45'
  }
]
2024-01-17T08:16:52.430Z INFO webdriver: COMMAND findElement("xpath", ".//button[normalize-space(text()) = "New Project"] | .//button[not(.//button[normalize-space(text()) = "New Project"]) and normalize-space() = "New Project"]")
2024-01-17T08:16:52.430Z INFO webdriver: [POST] http://0.0.0.0:9842/session/359f42c05338c45bdbaba014888b533c/element
2024-01-17T08:16:52.430Z INFO webdriver: DATA {
  using: 'xpath',
  value: './/button[normalize-space(text()) = "New Project"] | .//button[not(.//button[normalize-space(text()) = "New Project"]) and normalize-space() = "New Project"]'
}
2024-01-17T08:16:52.435Z INFO webdriver: RESULT {
  'element-6066-11e4-a52e-4f735466cecf': 'BF85FCD02C64D70EC36675452D9A9B64_element_45'
}
2024-01-17T08:16:52.437Z INFO webdriver: COMMAND elementClick("BF85FCD02C64D70EC36675452D9A9B64_element_45")
2024-01-17T08:16:52.437Z INFO webdriver: [POST] http://0.0.0.0:9842/session/359f42c05338c45bdbaba014888b533c/element/BF85FCD02C64D70EC36675452D9A9B64_element_45/click
2024-01-17T08:16:52.470Z INFO webdriver: RESULT null
2024-01-17T08:16:52.471Z INFO webdriver: COMMAND getAlertText()
2024-01-17T08:16:52.471Z INFO webdriver: [GET] http://0.0.0.0:9842/session/359f42c05338c45bdbaba014888b533c/alert/text
2024-01-17T08:16:52.472Z INFO webdriver: COMMAND findElement("css selector", "input[aria-label="NameInput"]")
2024-01-17T08:16:52.472Z INFO webdriver: [POST] http://0.0.0.0:9842/session/359f42c05338c45bdbaba014888b533c/element
2024-01-17T08:16:52.472Z INFO webdriver: DATA { using: 'css selector', value: 'input[aria-label="NameInput"]' }
2024-01-17T08:16:52.476Z WARN webdriver: Request failed with status 404 due to no such alert
  (Session info: MicrosoftEdge=120.0.2210.133)
2024-01-17T08:16:52.476Z INFO webdriver: Retrying 1/3
2024-01-17T08:16:52.476Z INFO webdriver: [GET] http://0.0.0.0:9842/session/359f42c05338c45bdbaba014888b533c/alert/text
2024-01-17T08:16:52.553Z INFO webdriver: RESULT {
  error: 'no such element',
  message: 'no such element: Unable to locate element: {"method":"css selector","selector":"input[aria-label="NameInput"]"}\n' +
    '  (Session info: MicrosoftEdge=120.0.2210.133)',
  stacktrace: '\tGetHandleVerifier [0x00007FF637130332+58194]\n' +
    '\tMicrosoft::Applications::Events::ILogConfiguration::operator* [0x00007FF6370BEC92+216482]\n' +
    '\t(No symbol) [0x00007FF636ED9E1B]\n' +
    '\t(No symbol) [0x00007FF636F29C6F]\n' +
    '\t(No symbol) [0x00007FF636F29DA5]\n' +
    '\t(No symbol) [0x00007FF636F6BB27]\n' +
    '\t(No symbol) [0x00007FF636F4C11F]\n' +
    '\t(No symbol) [0x00007FF636F1D3E1]\n' +
    '\t(No symbol) [0x00007FF636F68A7E]\n' +
    '\t(No symbol) [0x00007FF636F4BD43]\n' +
    '\t(No symbol) [0x00007FF636F1C162]\n' +
    '\t(No symbol) [0x00007FF636F1B5BD]\n' +
    '\t(No symbol) [0x00007FF636F1C994]\n' +
    '\tMicrosoft::Applications::Events::EventProperty::to_string [0x00007FF6372E6CDA+1051354]\n' +
    '\t(No symbol) [0x00007FF636F9F596]\n' +
    '\tMicrosoft::Applications::Events::EventProperty::clear [0x00007FF637036215+34245]\n' +
    '\tMicrosoft::Applications::Events::EventProperty::clear [0x00007FF63702E6BD+2669]\n' +
    '\tMicrosoft::Applications::Events::EventProperty::to_string [0x00007FF6372E59D3+1046483]\n' +
    '\tMicrosoft::Applications::Events::ILogConfiguration::operator* [0x00007FF6370C8978+256648]\n' +
    '\tMicrosoft::Applications::Events::ILogConfiguration::operator* [0x00007FF6370C4104+238100]\n' +
    '\tMicrosoft::Applications::Events::ILogConfiguration::operator* [0x00007FF6370C4232+238402]\n' +
    '\tMicrosoft::Applications::Events::ILogConfiguration::operator* [0x00007FF6370B8FD1+192737]\n' +
    '\tBaseThreadInitThunk [0x00007FF852B97344+20]\n' +
    '\tRtlUserThreadStart [0x00007FF8541826B1+33]\n'
}
2024-01-17T08:16:52.556Z INFO webdriver: COMMAND findElements("css selector", "input[aria-label="NameInput"]")
2024-01-17T08:16:52.556Z INFO webdriver: [POST] http://0.0.0.0:9842/session/359f42c05338c45bdbaba014888b533c/elements
2024-01-17T08:16:52.556Z INFO webdriver: DATA { using: 'css selector', value: 'input[aria-label="NameInput"]' }
2024-01-17T08:16:52.558Z WARN webdriver: Request failed with status 404 due to no such alert
  (Session info: MicrosoftEdge=120.0.2210.133)
2024-01-17T08:16:52.558Z INFO webdriver: Retrying 2/3
2024-01-17T08:16:52.558Z INFO webdriver: [GET] http://0.0.0.0:9842/session/359f42c05338c45bdbaba014888b533c/alert/text
2024-01-17T08:16:52.567Z INFO webdriver: RESULT [
  {
    'element-6066-11e4-a52e-4f735466cecf': 'BF85FCD02C64D70EC36675452D9A9B64_element_48'
  }
]
2024-01-17T08:16:52.569Z INFO webdriver: COMMAND findElement("css selector", "input[aria-label="NameInput"]")
2024-01-17T08:16:52.569Z INFO webdriver: [POST] http://0.0.0.0:9842/session/359f42c05338c45bdbaba014888b533c/element
2024-01-17T08:16:52.569Z INFO webdriver: DATA { using: 'css selector', value: 'input[aria-label="NameInput"]' }
2024-01-17T08:16:52.570Z WARN webdriver: Request failed with status 404 due to no such alert
  (Session info: MicrosoftEdge=120.0.2210.133)
2024-01-17T08:16:52.570Z INFO webdriver: Retrying 3/3
2024-01-17T08:16:52.570Z INFO webdriver: [GET] http://0.0.0.0:9842/session/359f42c05338c45bdbaba014888b533c/alert/text
2024-01-17T08:16:52.576Z INFO webdriver: RESULT {
  'element-6066-11e4-a52e-4f735466cecf': 'BF85FCD02C64D70EC36675452D9A9B64_element_48'
}
2024-01-17T08:16:52.578Z INFO webdriver: COMMAND elementClear("BF85FCD02C64D70EC36675452D9A9B64_element_48")
2024-01-17T08:16:52.578Z INFO webdriver: [POST] http://0.0.0.0:9842/session/359f42c05338c45bdbaba014888b533c/element/BF85FCD02C64D70EC36675452D9A9B64_element_48/clear
2024-01-17T08:16:52.579Z ERROR webdriver: Request failed with status 404 due to no such alert: no such alert
  (Session info: MicrosoftEdge=120.0.2210.133)
2024-01-17T08:16:52.579Z INFO webdriver: COMMAND takeScreenshot()
2024-01-17T08:16:52.579Z INFO webdriver: [GET] http://0.0.0.0:9842/session/359f42c05338c45bdbaba014888b533c/screenshot
2024-01-17T08:16:52.592Z INFO webdriver: RESULT null
2024-01-17T08:16:52.592Z INFO webdriver: COMMAND getAlertText()
2024-01-17T08:16:52.593Z INFO webdriver: [GET] http://0.0.0.0:9842/session/359f42c05338c45bdbaba014888b533c/alert/text
2024-01-17T08:16:52.593Z INFO webdriver: COMMAND elementSendKeys("BF85FCD02C64D70EC36675452D9A9B64_element_48", "Automation test project")
2024-01-17T08:16:52.593Z INFO webdriver: [POST] http://0.0.0.0:9842/session/359f42c05338c45bdbaba014888b533c/element/BF85FCD02C64D70EC36675452D9A9B64_element_48/value
2024-01-17T08:16:52.593Z INFO webdriver: DATA { text: 'Automation test project' }
2024-01-17T08:16:52.743Z INFO webdriver: RESULT iVBORw0KGgoAAAANSUhEUgAAB1AAAAOXCAYAAACaL9O/AAAAAXNSR0IArs4c6...
2024-01-17T08:16:52.745Z WARN webdriver: Request failed with status 404 due to no such alert
  (Session info: MicrosoftEdge=120.0.2210.133)
2024-01-17T08:16:52.745Z INFO webdriver: Retrying 1/3
2024-01-17T08:16:52.745Z INFO webdriver: [GET] http://0.0.0.0:9842/session/359f42c05338c45bdbaba014888b533c/alert/text
2024-01-17T08:16:52.820Z INFO webdriver: RESULT null
2024-01-17T08:16:52.820Z INFO webdriver: COMMAND getAlertText()
2024-01-17T08:16:52.820Z INFO webdriver: [GET] http://0.0.0.0:9842/session/359f42c05338c45bdbaba014888b533c/alert/text
2024-01-17T08:16:52.821Z INFO webdriver: COMMAND findElement("css selector", "input[name="ProjectInfo.Number"]")
2024-01-17T08:16:52.821Z INFO webdriver: [POST] http://0.0.0.0:9842/session/359f42c05338c45bdbaba014888b533c/element
2024-01-17T08:16:52.821Z INFO webdriver: DATA { using: 'css selector', value: 'input[name="ProjectInfo.Number"]' }
2024-01-17T08:16:52.826Z WARN webdriver: Request failed with status 404 due to no such alert
  (Session info: MicrosoftEdge=120.0.2210.133)
2024-01-17T08:16:52.826Z INFO webdriver: Retrying 2/3
2024-01-17T08:16:52.826Z INFO webdriver: [GET] http://0.0.0.0:9842/session/359f42c05338c45bdbaba014888b533c/alert/text
2024-01-17T08:16:52.827Z WARN webdriver: Request failed with status 404 due to no such alert
  (Session info: MicrosoftEdge=120.0.2210.133)
2024-01-17T08:16:52.827Z INFO webdriver: Retrying 1/3
2024-01-17T08:16:52.827Z INFO webdriver: [GET] http://0.0.0.0:9842/session/359f42c05338c45bdbaba014888b533c/alert/text
2024-01-17T08:16:52.832Z INFO webdriver: RESULT {
  'element-6066-11e4-a52e-4f735466cecf': 'BF85FCD02C64D70EC36675452D9A9B64_element_53'
}
2024-01-17T08:16:52.834Z INFO webdriver: COMMAND elementClear("BF85FCD02C64D70EC36675452D9A9B64_element_53")
2024-01-17T08:16:52.835Z INFO webdriver: [POST] http://0.0.0.0:9842/session/359f42c05338c45bdbaba014888b533c/element/BF85FCD02C64D70EC36675452D9A9B64_element_53/clear
2024-01-17T08:16:52.835Z WARN webdriver: Request failed with status 404 due to no such alert
  (Session info: MicrosoftEdge=120.0.2210.133)
2024-01-17T08:16:52.835Z INFO webdriver: Retrying 3/3
2024-01-17T08:16:52.835Z INFO webdriver: [GET] http://0.0.0.0:9842/session/359f42c05338c45bdbaba014888b533c/alert/text
2024-01-17T08:16:52.836Z WARN webdriver: Request failed with status 404 due to no such alert
  (Session info: MicrosoftEdge=120.0.2210.133)
2024-01-17T08:16:52.836Z INFO webdriver: Retrying 2/3
2024-01-17T08:16:52.836Z INFO webdriver: [GET] http://0.0.0.0:9842/session/359f42c05338c45bdbaba014888b533c/alert/text
2024-01-17T08:16:52.848Z INFO webdriver: RESULT null
2024-01-17T08:16:52.848Z INFO webdriver: COMMAND getAlertText()
2024-01-17T08:16:52.848Z INFO webdriver: [GET] http://0.0.0.0:9842/session/359f42c05338c45bdbaba014888b533c/alert/text
2024-01-17T08:16:52.849Z INFO webdriver: COMMAND elementSendKeys("BF85FCD02C64D70EC36675452D9A9B64_element_53", "<Screenshot[base64]>")
2024-01-17T08:16:52.849Z INFO webdriver: [POST] http://0.0.0.0:9842/session/359f42c05338c45bdbaba014888b533c/element/BF85FCD02C64D70EC36675452D9A9B64_element_53/value
2024-01-17T08:16:52.849Z INFO webdriver: DATA { text: '1234' }
2024-01-17T08:16:52.850Z ERROR webdriver: Request failed with status 404 due to no such alert: no such alert
  (Session info: MicrosoftEdge=120.0.2210.133)
2024-01-17T08:16:52.850Z WARN webdriver: Request failed with status 404 due to no such alert
  (Session info: MicrosoftEdge=120.0.2210.133)
2024-01-17T08:16:52.850Z INFO webdriver: Retrying 3/3
2024-01-17T08:16:52.850Z INFO webdriver: [GET] http://0.0.0.0:9842/session/359f42c05338c45bdbaba014888b533c/alert/text
2024-01-17T08:16:52.851Z INFO webdriver: COMMAND takeScreenshot()
2024-01-17T08:16:52.851Z INFO webdriver: [GET] http://0.0.0.0:9842/session/359f42c05338c45bdbaba014888b533c/screenshot
2024-01-17T08:16:52.851Z WARN webdriver: Request failed with status 404 due to no such alert
  (Session info: MicrosoftEdge=120.0.2210.133)
2024-01-17T08:16:52.851Z INFO webdriver: Retrying 1/3
2024-01-17T08:16:52.851Z INFO webdriver: [GET] http://0.0.0.0:9842/session/359f42c05338c45bdbaba014888b533c/alert/text
2024-01-17T08:16:52.896Z INFO webdriver: RESULT null
2024-01-17T08:16:52.896Z INFO webdriver: COMMAND getAlertText()
2024-01-17T08:16:52.896Z INFO webdriver: [GET] http://0.0.0.0:9842/session/359f42c05338c45bdbaba014888b533c/alert/text
2024-01-17T08:16:52.897Z INFO webdriver: COMMAND findElements("css selector", "svg[data-testid='ArrowDropDownIcon']")
2024-01-17T08:16:52.897Z INFO webdriver: [POST] http://0.0.0.0:9842/session/359f42c05338c45bdbaba014888b533c/elements
2024-01-17T08:16:52.897Z INFO webdriver: DATA {
  using: 'css selector',
  value: "svg[data-testid='ArrowDropDownIcon']"
}
2024-01-17T08:16:52.899Z ERROR webdriver: Request failed with status 404 due to no such alert: no such alert
  (Session info: MicrosoftEdge=120.0.2210.133)
2024-01-17T08:16:52.899Z INFO webdriver: COMMAND takeScreenshot()
2024-01-17T08:16:52.899Z INFO webdriver: [GET] http://0.0.0.0:9842/session/359f42c05338c45bdbaba014888b533c/screenshot
2024-01-17T08:16:53.038Z INFO webdriver: RESULT iVBORw0KGgoAAAANSUhEUgAAB1AAAAOXCAYAAACaL9O/AAAAAXNSR0IArs4c6...
2024-01-17T08:16:53.040Z WARN webdriver: Request failed with status 404 due to no such alert
  (Session info: MicrosoftEdge=120.0.2210.133)
2024-01-17T08:16:53.040Z INFO webdriver: Retrying 2/3
2024-01-17T08:16:53.040Z INFO webdriver: [GET] http://0.0.0.0:9842/session/359f42c05338c45bdbaba014888b533c/alert/text
2024-01-17T08:16:53.041Z WARN webdriver: Request failed with status 404 due to no such alert
  (Session info: MicrosoftEdge=120.0.2210.133)
2024-01-17T08:16:53.041Z INFO webdriver: Retrying 1/3
2024-01-17T08:16:53.041Z INFO webdriver: [GET] http://0.0.0.0:9842/session/359f42c05338c45bdbaba014888b533c/alert/text
2024-01-17T08:16:53.047Z INFO webdriver: RESULT [
  {
    'element-6066-11e4-a52e-4f735466cecf': 'BF85FCD02C64D70EC36675452D9A9B64_element_57'
  },
  {
    'element-6066-11e4-a52e-4f735466cecf': 'BF85FCD02C64D70EC36675452D9A9B64_element_58'
  }
]
2024-01-17T08:16:53.050Z INFO webdriver: COMMAND getElementRect("BF85FCD02C64D70EC36675452D9A9B64_element_58")
2024-01-17T08:16:53.050Z INFO webdriver: [GET] http://0.0.0.0:9842/session/359f42c05338c45bdbaba014888b533c/element/BF85FCD02C64D70EC36675452D9A9B64_element_58/rect
2024-01-17T08:16:53.206Z INFO webdriver: RESULT iVBORw0KGgoAAAANSUhEUgAAB1AAAAOXCAYAAACaL9O/AAAAAXNSR0IArs4c6...
2024-01-17T08:16:53.208Z WARN webdriver: Request failed with status 404 due to no such alert
  (Session info: MicrosoftEdge=120.0.2210.133)
2024-01-17T08:16:53.208Z INFO webdriver: Retrying 3/3
2024-01-17T08:16:53.208Z INFO webdriver: [GET] http://0.0.0.0:9842/session/359f42c05338c45bdbaba014888b533c/alert/text
2024-01-17T08:16:53.209Z WARN webdriver: Request failed with status 404 due to no such alert
  (Session info: MicrosoftEdge=120.0.2210.133)
2024-01-17T08:16:53.209Z INFO webdriver: Retrying 2/3
2024-01-17T08:16:53.209Z INFO webdriver: [GET] http://0.0.0.0:9842/session/359f42c05338c45bdbaba014888b533c/alert/text
2024-01-17T08:16:53.213Z INFO webdriver: RESULT { height: 24, width: 24, x: 1766, y: 1294.375 }
2024-01-17T08:16:53.214Z INFO webdriver: COMMAND getWindowRect()
2024-01-17T08:16:53.214Z INFO webdriver: [GET] http://0.0.0.0:9842/session/359f42c05338c45bdbaba014888b533c/window/rect
2024-01-17T08:16:53.215Z ERROR webdriver: Request failed with status 404 due to no such alert: no such alert
  (Session info: MicrosoftEdge=120.0.2210.133)
2024-01-17T08:16:53.215Z WARN webdriver: Request failed with status 404 due to no such alert
  (Session info: MicrosoftEdge=120.0.2210.133)
2024-01-17T08:16:53.215Z INFO webdriver: Retrying 3/3
2024-01-17T08:16:53.215Z INFO webdriver: [GET] http://0.0.0.0:9842/session/359f42c05338c45bdbaba014888b533c/alert/text
2024-01-17T08:16:53.215Z INFO webdriver: COMMAND takeScreenshot()
2024-01-17T08:16:53.216Z INFO webdriver: [GET] http://0.0.0.0:9842/session/359f42c05338c45bdbaba014888b533c/screenshot
2024-01-17T08:16:53.216Z INFO webdriver: RESULT { height: 1056, width: 1936, x: -8, y: -8 }
2024-01-17T08:16:53.217Z INFO webdriver: COMMAND executeScript("return (() => [
            window.scrollX, window.scrollY
        ]).apply(null, arguments)", <object>)
2024-01-17T08:16:53.217Z INFO webdriver: [POST] http://0.0.0.0:9842/session/359f42c05338c45bdbaba014888b533c/execute/sync
2024-01-17T08:16:53.217Z INFO webdriver: DATA {
  script: 'return (() => [\n' +
    '            window.scrollX, window.scrollY\n' +
    '        ]).apply(null, arguments)',
  args: []
}
2024-01-17T08:16:53.218Z ERROR webdriver: Request failed with status 404 due to no such alert: no such alert
  (Session info: MicrosoftEdge=120.0.2210.133)
2024-01-17T08:16:53.218Z INFO webdriver: COMMAND takeScreenshot()
2024-01-17T08:16:53.218Z INFO webdriver: [GET] http://0.0.0.0:9842/session/359f42c05338c45bdbaba014888b533c/screenshot
2024-01-17T08:16:53.350Z INFO webdriver: RESULT iVBORw0KGgoAAAANSUhEUgAAB1AAAAOXCAYAAACaL9O/AAAAAXNSR0IArs4c6...
2024-01-17T08:16:53.352Z INFO webdriver: RESULT [ 0, 0 ]
2024-01-17T08:16:53.353Z INFO webdriver: COMMAND performActions(<object>)
2024-01-17T08:16:53.353Z INFO webdriver: [POST] http://0.0.0.0:9842/session/359f42c05338c45bdbaba014888b533c/actions
2024-01-17T08:16:53.353Z INFO webdriver: DATA {
  actions: [
    { id: 'action1', type: 'wheel', parameters: {}, actions: [Array] }
  ]
}
2024-01-17T08:16:53.496Z INFO webdriver: RESULT iVBORw0KGgoAAAANSUhEUgAAB1AAAAOXCAYAAACaL9O/AAAAAXNSR0IArs4c6...
2024-01-17T08:16:53.501Z WARN webdriver: Request failed with status 500 due to move target out of bounds: viewport size: 1872, 919
  (Session info: MicrosoftEdge=120.0.2210.133)
2024-01-17T08:16:53.501Z INFO webdriver: Retrying 1/3
2024-01-17T08:16:53.501Z INFO webdriver: [POST] http://0.0.0.0:9842/session/359f42c05338c45bdbaba014888b533c/actions
2024-01-17T08:16:53.501Z INFO webdriver: DATA {
  actions: [
    { id: 'action1', type: 'wheel', parameters: {}, actions: [Array] }
  ]
}
2024-01-17T08:16:53.505Z WARN webdriver: Request failed with status 500 due to move target out of bounds: viewport size: 1872, 919
  (Session info: MicrosoftEdge=120.0.2210.133)
2024-01-17T08:16:53.506Z INFO webdriver: Retrying 2/3
2024-01-17T08:16:53.506Z INFO webdriver: [POST] http://0.0.0.0:9842/session/359f42c05338c45bdbaba014888b533c/actions
2024-01-17T08:16:53.506Z INFO webdriver: DATA {
  actions: [
    { id: 'action1', type: 'wheel', parameters: {}, actions: [Array] }
  ]
}
2024-01-17T08:16:53.512Z WARN webdriver: Request failed with status 500 due to move target out of bounds: viewport size: 1872, 919
  (Session info: MicrosoftEdge=120.0.2210.133)
2024-01-17T08:16:53.512Z INFO webdriver: Retrying 3/3
2024-01-17T08:16:53.512Z INFO webdriver: [POST] http://0.0.0.0:9842/session/359f42c05338c45bdbaba014888b533c/actions
2024-01-17T08:16:53.512Z INFO webdriver: DATA {
  actions: [
    { id: 'action1', type: 'wheel', parameters: {}, actions: [Array] }
  ]
}
2024-01-17T08:16:53.515Z ERROR webdriver: Request failed with status 500 due to move target out of bounds: move target out of bounds: viewport size: 1872, 919
  (Session info: MicrosoftEdge=120.0.2210.133)
2024-01-17T08:16:53.516Z WARN webdriverio: Failed to execute "scrollIntoView" using WebDriver Actions API: move target out of bounds: viewport size: 1872, 919
  (Session info: MicrosoftEdge=120.0.2210.133)!
Re-attempting using `Element.scrollIntoView` via Web API.
2024-01-17T08:16:53.517Z INFO webdriver: COMMAND executeScript("return ((elem, options) => elem.scrollIntoView(options)).apply(null, arguments)", <object>)
2024-01-17T08:16:53.517Z INFO webdriver: [POST] http://0.0.0.0:9842/session/359f42c05338c45bdbaba014888b533c/execute/sync
2024-01-17T08:16:53.517Z INFO webdriver: DATA {
  script: 'return ((elem, options) => elem.scrollIntoView(options)).apply(null, arguments)',
  args: [
    {
      'element-6066-11e4-a52e-4f735466cecf': 'BF85FCD02C64D70EC36675452D9A9B64_element_58',
      ELEMENT: 'BF85FCD02C64D70EC36675452D9A9B64_element_58'
    },
    { block: 'start', inline: 'nearest' }
  ]
}
2024-01-17T08:16:53.520Z INFO webdriver: RESULT null
2024-01-17T08:16:53.520Z INFO webdriver: COMMAND findElements("css selector", "svg[data-testid='ArrowDropDownIcon']")
2024-01-17T08:16:53.520Z INFO webdriver: [POST] http://0.0.0.0:9842/session/359f42c05338c45bdbaba014888b533c/elements
2024-01-17T08:16:53.520Z INFO webdriver: DATA {
  using: 'css selector',
  value: "svg[data-testid='ArrowDropDownIcon']"
}
2024-01-17T08:16:53.525Z INFO webdriver: RESULT [
  {
    'element-6066-11e4-a52e-4f735466cecf': 'BF85FCD02C64D70EC36675452D9A9B64_element_57'
  },
  {
    'element-6066-11e4-a52e-4f735466cecf': 'BF85FCD02C64D70EC36675452D9A9B64_element_58'
  }
]
2024-01-17T08:16:53.528Z INFO webdriver: COMMAND executeScript(<fn>, <object>)
2024-01-17T08:16:53.528Z INFO webdriver: [POST] http://0.0.0.0:9842/session/359f42c05338c45bdbaba014888b533c/execute/sync
2024-01-17T08:16:53.528Z INFO webdriver: DATA {
  script: 'parentElement(...) [160 bytes]',
  args: [
    {
      'element-6066-11e4-a52e-4f735466cecf': 'BF85FCD02C64D70EC36675452D9A9B64_element_58',
      ELEMENT: 'BF85FCD02C64D70EC36675452D9A9B64_element_58'
    }
  ]
}
2024-01-17T08:16:53.531Z INFO webdriver: RESULT {
  'element-6066-11e4-a52e-4f735466cecf': 'BF85FCD02C64D70EC36675452D9A9B64_element_60'
}
2024-01-17T08:16:53.533Z INFO webdriver: COMMAND elementClick("BF85FCD02C64D70EC36675452D9A9B64_element_60")
2024-01-17T08:16:53.533Z INFO webdriver: [POST] http://0.0.0.0:9842/session/359f42c05338c45bdbaba014888b533c/element/BF85FCD02C64D70EC36675452D9A9B64_element_60/click
2024-01-17T08:16:53.633Z INFO webdriver: RESULT null
2024-01-17T08:16:53.634Z INFO webdriver: COMMAND getAlertText()
2024-01-17T08:16:53.634Z INFO webdriver: [GET] http://0.0.0.0:9842/session/359f42c05338c45bdbaba014888b533c/alert/text
2024-01-17T08:16:53.635Z INFO webdriver: COMMAND findElement("xpath", ".//li[normalize-space(text()) = "Algeria"] | .//li[not(.//li[normalize-space(text()) = "Algeria"]) and normalize-space() = "Algeria"]")
2024-01-17T08:16:53.636Z INFO webdriver: [POST] http://0.0.0.0:9842/session/359f42c05338c45bdbaba014888b533c/element
2024-01-17T08:16:53.636Z INFO webdriver: DATA {
  using: 'xpath',
  value: './/li[normalize-space(text()) = "Algeria"] | .//li[not(.//li[normalize-space(text()) = "Algeria"]) and normalize-space() = "Algeria"]'
}
2024-01-17T08:16:53.638Z WARN webdriver: Request failed with status 404 due to no such alert
  (Session info: MicrosoftEdge=120.0.2210.133)
2024-01-17T08:16:53.638Z INFO webdriver: Retrying 1/3
2024-01-17T08:16:53.638Z INFO webdriver: [GET] http://0.0.0.0:9842/session/359f42c05338c45bdbaba014888b533c/alert/text
2024-01-17T08:16:53.647Z INFO webdriver: RESULT {
  'element-6066-11e4-a52e-4f735466cecf': 'BF85FCD02C64D70EC36675452D9A9B64_element_65'
}
2024-01-17T08:16:53.649Z INFO webdriver: COMMAND elementClick("BF85FCD02C64D70EC36675452D9A9B64_element_65")
2024-01-17T08:16:53.650Z INFO webdriver: [POST] http://0.0.0.0:9842/session/359f42c05338c45bdbaba014888b533c/element/BF85FCD02C64D70EC36675452D9A9B64_element_65/click
2024-01-17T08:16:53.650Z WARN webdriver: Request failed with status 404 due to no such alert
  (Session info: MicrosoftEdge=120.0.2210.133)
2024-01-17T08:16:53.650Z INFO webdriver: Retrying 2/3
2024-01-17T08:16:53.650Z INFO webdriver: [GET] http://0.0.0.0:9842/session/359f42c05338c45bdbaba014888b533c/alert/text
2024-01-17T08:16:53.810Z INFO webdriver: RESULT null
2024-01-17T08:16:53.811Z INFO webdriver: COMMAND getAlertText()
2024-01-17T08:16:53.811Z INFO webdriver: [GET] http://0.0.0.0:9842/session/359f42c05338c45bdbaba014888b533c/alert/text
2024-01-17T08:16:53.812Z INFO webdriver: COMMAND findElement("xpath", ".//button[normalize-space(text()) = "Create Project"] | .//button[not(.//button[normalize-space(text()) = "Create Project"]) and normalize-space() = "Create Project"]")
2024-01-17T08:16:53.812Z INFO webdriver: [POST] http://0.0.0.0:9842/session/359f42c05338c45bdbaba014888b533c/element
2024-01-17T08:16:53.812Z INFO webdriver: DATA {
  using: 'xpath',
  value: './/button[normalize-space(text()) = "Create Project"] | .//button[not(.//button[normalize-space(text()) = "Create Project"]) and normalize-space() = "Create Project"]'
}
2024-01-17T08:16:53.813Z WARN webdriver: Request failed with status 404 due to no such alert
  (Session info: MicrosoftEdge=120.0.2210.133)
2024-01-17T08:16:53.813Z INFO webdriver: Retrying 3/3
2024-01-17T08:16:53.813Z INFO webdriver: [GET] http://0.0.0.0:9842/session/359f42c05338c45bdbaba014888b533c/alert/text
2024-01-17T08:16:53.814Z WARN webdriver: Request failed with status 404 due to no such alert
  (Session info: MicrosoftEdge=120.0.2210.133)
2024-01-17T08:16:53.814Z INFO webdriver: Retrying 1/3
2024-01-17T08:16:53.814Z INFO webdriver: [GET] http://0.0.0.0:9842/session/359f42c05338c45bdbaba014888b533c/alert/text
2024-01-17T08:16:53.821Z INFO webdriver: RESULT {
  'element-6066-11e4-a52e-4f735466cecf': 'BF85FCD02C64D70EC36675452D9A9B64_element_66'
}
2024-01-17T08:16:53.823Z INFO webdriver: COMMAND elementClick("BF85FCD02C64D70EC36675452D9A9B64_element_66")
2024-01-17T08:16:53.823Z INFO webdriver: [POST] http://0.0.0.0:9842/session/359f42c05338c45bdbaba014888b533c/element/BF85FCD02C64D70EC36675452D9A9B64_element_66/click
2024-01-17T08:16:53.824Z ERROR webdriver: Request failed with status 404 due to no such alert: no such alert
  (Session info: MicrosoftEdge=120.0.2210.133)
2024-01-17T08:16:53.824Z INFO webdriver: COMMAND takeScreenshot()
2024-01-17T08:16:53.824Z INFO webdriver: [GET] http://0.0.0.0:9842/session/359f42c05338c45bdbaba014888b533c/screenshot
2024-01-17T08:16:53.825Z WARN webdriver: Request failed with status 404 due to no such alert
  (Session info: MicrosoftEdge=120.0.2210.133)
2024-01-17T08:16:53.825Z INFO webdriver: Retrying 2/3
2024-01-17T08:16:53.825Z INFO webdriver: [GET] http://0.0.0.0:9842/session/359f42c05338c45bdbaba014888b533c/alert/text
2024-01-17T08:16:54.187Z INFO webdriver: RESULT null
2024-01-17T08:16:54.187Z INFO webdriver: COMMAND getAlertText()
2024-01-17T08:16:54.187Z INFO webdriver: [GET] http://0.0.0.0:9842/session/359f42c05338c45bdbaba014888b533c/alert/text
2024-01-17T08:16:54.188Z INFO webdriver: COMMAND findElement("xpath", ".//span[normalize-space(text()) = "Project created successfully"] | .//span[not(.//span[normalize-space(text()) = "Project created successfully"]) and normalize-space() = "Project created successfully"]")
2024-01-17T08:16:54.188Z INFO webdriver: [POST] http://0.0.0.0:9842/session/359f42c05338c45bdbaba014888b533c/element
2024-01-17T08:16:54.188Z INFO webdriver: DATA {
  using: 'xpath',
  value: './/span[normalize-space(text()) = "Project created successfully"] | .//span[not(.//span[normalize-space(text()) = "Project created successfully"]) and normalize-space() = "Project created successfully"]'
}
2024-01-17T08:16:54.331Z INFO webdriver: RESULT iVBORw0KGgoAAAANSUhEUgAAB1AAAAOXCAYAAACaL9O/AAAAAXNSR0IArs4c6...
2024-01-17T08:16:54.333Z WARN webdriver: Request failed with status 404 due to no such alert
  (Session info: MicrosoftEdge=120.0.2210.133)
2024-01-17T08:16:54.333Z INFO webdriver: Retrying 3/3
2024-01-17T08:16:54.333Z INFO webdriver: [GET] http://0.0.0.0:9842/session/359f42c05338c45bdbaba014888b533c/alert/text
2024-01-17T08:16:54.334Z WARN webdriver: Request failed with status 404 due to no such alert
  (Session info: MicrosoftEdge=120.0.2210.133)
2024-01-17T08:16:54.334Z INFO webdriver: Retrying 1/3
2024-01-17T08:16:54.334Z INFO webdriver: [GET] http://0.0.0.0:9842/session/359f42c05338c45bdbaba014888b533c/alert/text
2024-01-17T08:16:54.339Z INFO webdriver: RESULT {
  error: 'no such element',
  message: 'no such element: Unable to locate element: {"method":"xpath","selector":".//span[normalize-space(text()) = "Project created successfully"] | .//span[not(.//span[normalize-space(text()) = "Project created successfully"]) and normalize-space() = "Project created successfully"]"}\n' +
    '  (Session info: MicrosoftEdge=120.0.2210.133)',
  stacktrace: '\tGetHandleVerifier [0x00007FF637130332+58194]\n' +
    '\tMicrosoft::Applications::Events::ILogConfiguration::operator* [0x00007FF6370BEC92+216482]\n' +
    '\t(No symbol) [0x00007FF636ED9E1B]\n' +
    '\t(No symbol) [0x00007FF636F29C6F]\n' +
    '\t(No symbol) [0x00007FF636F29DA5]\n' +
    '\t(No symbol) [0x00007FF636F6BB27]\n' +
    '\t(No symbol) [0x00007FF636F4C11F]\n' +
    '\t(No symbol) [0x00007FF636F1D3E1]\n' +
    '\t(No symbol) [0x00007FF636F68A7E]\n' +
    '\t(No symbol) [0x00007FF636F4BD43]\n' +
    '\t(No symbol) [0x00007FF636F1C162]\n' +
    '\t(No symbol) [0x00007FF636F1B5BD]\n' +
    '\t(No symbol) [0x00007FF636F1C994]\n' +
    '\tMicrosoft::Applications::Events::EventProperty::to_string [0x00007FF6372E6CDA+1051354]\n' +
    '\t(No symbol) [0x00007FF636F9F596]\n' +
    '\tMicrosoft::Applications::Events::EventProperty::clear [0x00007FF637036215+34245]\n' +
    '\tMicrosoft::Applications::Events::EventProperty::clear [0x00007FF63702E6BD+2669]\n' +
    '\tMicrosoft::Applications::Events::EventProperty::to_string [0x00007FF6372E59D3+1046483]\n' +
    '\tMicrosoft::Applications::Events::ILogConfiguration::operator* [0x00007FF6370C8978+256648]\n' +
    '\tMicrosoft::Applications::Events::ILogConfiguration::operator* [0x00007FF6370C4104+238100]\n' +
    '\tMicrosoft::Applications::Events::ILogConfiguration::operator* [0x00007FF6370C4232+238402]\n' +
    '\tMicrosoft::Applications::Events::ILogConfiguration::operator* [0x00007FF6370B8FD1+192737]\n' +
    '\tBaseThreadInitThunk [0x00007FF852B97344+20]\n' +
    '\tRtlUserThreadStart [0x00007FF8541826B1+33]\n'
}
2024-01-17T08:16:54.341Z INFO webdriver: COMMAND findElements("xpath", ".//span[normalize-space(text()) = "Project created successfully"] | .//span[not(.//span[normalize-space(text()) = "Project created successfully"]) and normalize-space() = "Project created successfully"]")
2024-01-17T08:16:54.342Z INFO webdriver: [POST] http://0.0.0.0:9842/session/359f42c05338c45bdbaba014888b533c/elements
2024-01-17T08:16:54.342Z INFO webdriver: DATA {
  using: 'xpath',
  value: './/span[normalize-space(text()) = "Project created successfully"] | .//span[not(.//span[normalize-space(text()) = "Project created successfully"]) and normalize-space() = "Project created successfully"]'
}
2024-01-17T08:16:54.343Z ERROR webdriver: Request failed with status 404 due to no such alert: no such alert
  (Session info: MicrosoftEdge=120.0.2210.133)
2024-01-17T08:16:54.344Z WARN webdriver: Request failed with status 404 due to no such alert
  (Session info: MicrosoftEdge=120.0.2210.133)
2024-01-17T08:16:54.344Z INFO webdriver: Retrying 2/3
2024-01-17T08:16:54.344Z INFO webdriver: [GET] http://0.0.0.0:9842/session/359f42c05338c45bdbaba014888b533c/alert/text
2024-01-17T08:16:54.346Z INFO webdriver: COMMAND takeScreenshot()
2024-01-17T08:16:54.346Z INFO webdriver: [GET] http://0.0.0.0:9842/session/359f42c05338c45bdbaba014888b533c/screenshot
2024-01-17T08:16:54.349Z INFO webdriver: RESULT []
2024-01-17T08:16:54.351Z WARN webdriver: Request failed with status 404 due to no such alert
  (Session info: MicrosoftEdge=120.0.2210.133)
2024-01-17T08:16:54.351Z INFO webdriver: Retrying 3/3
2024-01-17T08:16:54.351Z INFO webdriver: [GET] http://0.0.0.0:9842/session/359f42c05338c45bdbaba014888b533c/alert/text
2024-01-17T08:16:54.491Z INFO webdriver: RESULT iVBORw0KGgoAAAANSUhEUgAAB1AAAAOXCAYAAACaL9O/AAAAAXNSR0IArs4c6...
2024-01-17T08:16:54.493Z ERROR webdriver: Request failed with status 404 due to no such alert: no such alert
  (Session info: MicrosoftEdge=120.0.2210.133)
2024-01-17T08:16:54.493Z INFO webdriver: COMMAND takeScreenshot()
2024-01-17T08:16:54.493Z INFO webdriver: [GET] http://0.0.0.0:9842/session/359f42c05338c45bdbaba014888b533c/screenshot
2024-01-17T08:16:54.643Z INFO webdriver: RESULT iVBORw0KGgoAAAANSUhEUgAAB1AAAAOXCAYAAACaL9O/AAAAAXNSR0IArs4c6...
2024-01-17T08:16:54.845Z INFO webdriver: COMMAND findElements("xpath", ".//span[normalize-space(text()) = "Project created successfully"] | .//span[not(.//span[normalize-space(text()) = "Project created successfully"]) and normalize-space() = "Project created successfully"]")
2024-01-17T08:16:54.845Z INFO webdriver: [POST] http://0.0.0.0:9842/session/359f42c05338c45bdbaba014888b533c/elements
2024-01-17T08:16:54.845Z INFO webdriver: DATA {
  using: 'xpath',
  value: './/span[normalize-space(text()) = "Project created successfully"] | .//span[not(.//span[normalize-space(text()) = "Project created successfully"]) and normalize-space() = "Project created successfully"]'
}
2024-01-17T08:16:54.853Z INFO webdriver: RESULT []
2024-01-17T08:16:55.345Z INFO webdriver: COMMAND findElements("xpath", ".//span[normalize-space(text()) = "Project created successfully"] | .//span[not(.//span[normalize-space(text()) = "Project created successfully"]) and normalize-space() = "Project created successfully"]")
2024-01-17T08:16:55.346Z INFO webdriver: [POST] http://0.0.0.0:9842/session/359f42c05338c45bdbaba014888b533c/elements
2024-01-17T08:16:55.346Z INFO webdriver: DATA {
  using: 'xpath',
  value: './/span[normalize-space(text()) = "Project created successfully"] | .//span[not(.//span[normalize-space(text()) = "Project created successfully"]) and normalize-space() = "Project created successfully"]'
}
2024-01-17T08:16:55.362Z INFO webdriver: RESULT [
  {
    'element-6066-11e4-a52e-4f735466cecf': 'BF85FCD02C64D70EC36675452D9A9B64_element_79'
  }
]
2024-01-17T08:16:55.364Z INFO webdriver: COMMAND findElement("xpath", ".//span[normalize-space(text()) = "Project created successfully"] | .//span[not(.//span[normalize-space(text()) = "Project created successfully"]) and normalize-space() = "Project created successfully"]")
2024-01-17T08:16:55.364Z INFO webdriver: [POST] http://0.0.0.0:9842/session/359f42c05338c45bdbaba014888b533c/element
2024-01-17T08:16:55.364Z INFO webdriver: DATA {
  using: 'xpath',
  value: './/span[normalize-space(text()) = "Project created successfully"] | .//span[not(.//span[normalize-space(text()) = "Project created successfully"]) and normalize-space() = "Project created successfully"]'
}
2024-01-17T08:16:55.423Z INFO webdriver: RESULT {
  'element-6066-11e4-a52e-4f735466cecf': 'BF85FCD02C64D70EC36675452D9A9B64_element_79'
}
2024-01-17T08:16:55.426Z INFO webdriver: COMMAND getElementText("BF85FCD02C64D70EC36675452D9A9B64_element_79")
2024-01-17T08:16:55.427Z INFO webdriver: [GET] http://0.0.0.0:9842/session/359f42c05338c45bdbaba014888b533c/element/BF85FCD02C64D70EC36675452D9A9B64_element_79/text
2024-01-17T08:16:55.437Z INFO webdriver: RESULT Project created successfully
2024-01-17T08:16:55.444Z INFO webdriver: COMMAND takeScreenshot()
2024-01-17T08:16:55.444Z INFO webdriver: [GET] http://0.0.0.0:9842/session/359f42c05338c45bdbaba014888b533c/screenshot
2024-01-17T08:16:55.447Z INFO webdriver: COMMAND deleteSession()
2024-01-17T08:16:55.448Z INFO webdriver: [DELETE] http://0.0.0.0:9842/session/359f42c05338c45bdbaba014888b533c
2024-01-17T08:16:55.583Z INFO webdriver: RESULT iVBORw0KGgoAAAANSUhEUgAAB1AAAAOXCAYAAACaL9O/AAAAAXNSR0IArs4c6...
2024-01-17T08:16:55.631Z INFO webdriver: RESULT null
2024-01-17T08:16:55.632Z INFO webdriver: Kill C:\Users\User2\AppData\Local\Temp\msedgedriver.exe driver process with command line: --port=9842 --allowed-ips=0.0.0.0 --allowed-origins=*
2024-01-17T08:16:55.753Z INFO @wdio/runner: Wait for 1 reporter to synchronise
2024-01-17T08:16:55.864Z INFO @wdio/runner: Wait for 1 reporter to synchronise
2024-01-17T08:16:55.973Z INFO @wdio/runner: Wait for 1 reporter to synchronise
2024-01-17T08:16:56.084Z INFO @wdio/runner: Wait for 1 reporter to synchronise
2024-01-17T08:16:56.194Z INFO @wdio/runner: Wait for 1 reporter to synchronise
2024-01-17T08:16:56.303Z INFO @wdio/runner: Wait for 1 reporter to synchronise
2024-01-17T08:16:56.412Z INFO @wdio/runner: Wait for 1 reporter to synchronise
2024-01-17T08:16:56.523Z INFO @wdio/runner: Wait for 1 reporter to synchronise
2024-01-17T08:16:56.627Z INFO @wdio/runner: Wait for 1 reporter to synchronise
